2025-05-12 11:25:13.252 INFO  [background-preinit] o.h.validator.internal.util.Version     : HV000001: Hibernate Validator 8.0.2.Final
2025-05-12 11:25:13.263 INFO  [restartedMain] o.t.t.TomLearnSpringApplication         : Starting TomLearnSpringApplication using Java 17.0.15 with PID 32187 (/Users/khanhle/Documents/udemy_course/tom-spring/target/classes started by khanhle in /Users/khanhle/Documents/udemy_course/tom-spring)
2025-05-12 11:25:13.263 INFO  [restartedMain] o.t.t.TomLearnSpringApplication         : No active profile set, falling back to 1 default profile: "default"
2025-05-12 11:25:13.277 INFO  [restartedMain] .e.DevToolsPropertyDefaultsPostProcessor: Devtools property defaults active! Set 'spring.devtools.add-properties' to 'false' to disable
2025-05-12 11:25:13.277 INFO  [restartedMain] .e.DevToolsPropertyDefaultsPostProcessor: For additional web related logging consider setting the 'logging.level.web' property to 'DEBUG'
2025-05-12 11:25:13.512 INFO  [restartedMain] .s.d.r.c.RepositoryConfigurationDelegate: Bootstrapping Spring Data JPA repositories in DEFAULT mode.
2025-05-12 11:25:13.533 INFO  [restartedMain] .s.d.r.c.RepositoryConfigurationDelegate: Finished Spring Data repository scanning in 18 ms. Found 7 JPA repository interfaces.
2025-05-12 11:25:13.819 INFO  [restartedMain] o.s.b.w.embedded.tomcat.TomcatWebServer : Tomcat initialized with port 8080 (http)
2025-05-12 11:25:13.823 INFO  [restartedMain] o.a.coyote.http11.Http11NioProtocol     : Initializing ProtocolHandler ["http-nio-8080"]
2025-05-12 11:25:13.823 INFO  [restartedMain] o.apache.catalina.core.StandardService  : Starting service [Tomcat]
2025-05-12 11:25:13.823 INFO  [restartedMain] o.apache.catalina.core.StandardEngine   : Starting Servlet engine: [Apache Tomcat/10.1.34]
2025-05-12 11:25:13.840 INFO  [restartedMain] o.a.c.c.C.[Tomcat].[localhost].[/]      : Initializing Spring embedded WebApplicationContext
2025-05-12 11:25:13.840 INFO  [restartedMain] w.s.c.ServletWebServerApplicationContext: Root WebApplicationContext: initialization completed in 563 ms
2025-05-12 11:25:13.895 INFO  [restartedMain] com.zaxxer.hikari.HikariDataSource      : HikariPool-1 - Starting...
2025-05-12 11:25:13.989 INFO  [restartedMain] com.zaxxer.hikari.pool.HikariPool       : HikariPool-1 - Added connection com.mysql.cj.jdbc.ConnectionImpl@770fbc1a
2025-05-12 11:25:13.990 INFO  [restartedMain] com.zaxxer.hikari.HikariDataSource      : HikariPool-1 - Start completed.
2025-05-12 11:25:14.002 INFO  [restartedMain] o.hibernate.jpa.internal.util.LogHelper : HHH000204: Processing PersistenceUnitInfo [name: default]
2025-05-12 11:25:14.022 INFO  [restartedMain] org.hibernate.Version                   : HHH000412: Hibernate ORM core version 6.5.3.Final
2025-05-12 11:25:14.035 INFO  [restartedMain] o.h.c.internal.RegionFactoryInitiator   : HHH000026: Second-level cache disabled
2025-05-12 11:25:14.137 INFO  [restartedMain] o.s.o.j.p.SpringPersistenceUnitInfo     : No LoadTimeWeaver setup: ignoring JPA class transformer
2025-05-12 11:25:14.164 WARN  [restartedMain] org.hibernate.orm.deprecation           : HHH90000025: MySQL8Dialect does not need to be specified explicitly using 'hibernate.dialect' (remove the property setting and it will be selected by default)
2025-05-12 11:25:14.164 WARN  [restartedMain] org.hibernate.orm.deprecation           : HHH90000026: MySQL8Dialect has been deprecated; use org.hibernate.dialect.MySQLDialect instead
2025-05-12 11:25:14.489 INFO  [restartedMain] o.h.e.t.j.p.i.JtaPlatformInitiator      : HHH000489: No JTA platform available (set 'hibernate.transaction.jta.platform' to enable JTA platform integration)
2025-05-12 11:25:14.560 INFO  [restartedMain] j.LocalContainerEntityManagerFactoryBean: Initialized JPA EntityManagerFactory for persistence unit 'default'
2025-05-12 11:25:14.719 INFO  [restartedMain] o.s.d.j.r.query.QueryEnhancerFactory    : Hibernate is in classpath; If applicable, HQL parser will be used.
2025-05-12 11:25:14.768 WARN  [restartedMain] o.s.d.jpa.repository.query.NamedQuery   : Finder method public abstract org.springframework.data.domain.Page org.tommap.tomlearnspring.eazy_school.repository.ContactRepository.findOpenMessages(java.lang.String,org.springframework.data.domain.Pageable) is backed by a NamedQuery but contains a Pageable parameter; Sorting delivered via this Pageable will not be applied
2025-05-12 11:25:14.787 WARN  [restartedMain] o.s.d.jpa.repository.query.NamedQuery   : Finder method public abstract org.springframework.data.domain.Page org.tommap.tomlearnspring.eazy_school.repository.ContactRepository.findOpenMessagesNative(java.lang.String,org.springframework.data.domain.Pageable) is backed by a NamedQuery but contains a Pageable parameter; Sorting delivered via this Pageable will not be applied
2025-05-12 11:25:14.805 DEBUG [restartedMain] o.t.t.eazy_school.aspects.LoggerAspect  : public org.springframework.security.crypto.password.PasswordEncoder org.tommap.tomlearnspring.eazy_school.config.SecurityConfig.passwordEncoder() method execution start
2025-05-12 11:25:14.806 DEBUG [restartedMain] o.t.t.eazy_school.aspects.LoggerAspect  : Time to execute public org.springframework.security.crypto.password.PasswordEncoder org.tommap.tomlearnspring.eazy_school.config.SecurityConfig.passwordEncoder() method: 0
2025-05-12 11:25:14.806 DEBUG [restartedMain] o.t.t.eazy_school.aspects.LoggerAspect  : public org.springframework.security.crypto.password.PasswordEncoder org.tommap.tomlearnspring.eazy_school.config.SecurityConfig.passwordEncoder() method execution end
2025-05-12 11:25:14.828 WARN  [restartedMain] JpaBaseConfiguration$JpaWebConfiguration: spring.jpa.open-in-view is enabled by default. Therefore, database queries may be performed during view rendering. Explicitly configure spring.jpa.open-in-view to disable this warning
2025-05-12 11:25:14.888 INFO  [restartedMain] eAuthenticationProviderManagerConfigurer: Global AuthenticationManager configured with AuthenticationProvider bean with name eazySchoolAuthenticationProvider
2025-05-12 11:25:14.907 DEBUG [restartedMain] o.t.t.eazy_school.aspects.LoggerAspect  :  org.springframework.security.web.SecurityFilterChain org.tommap.tomlearnspring.eazy_school.config.SecurityConfig.filterChain(org.springframework.security.config.annotation.web.builders.HttpSecurity) method execution start
2025-05-12 11:25:14.917 DEBUG [restartedMain] o.t.t.eazy_school.aspects.LoggerAspect  : public void org.tommap.tomlearnspring.eazy_school.config.RestConfig.configureRepositoryRestConfiguration(org.springframework.data.rest.core.config.RepositoryRestConfiguration,org.springframework.web.servlet.config.annotation.CorsRegistry) method execution start
2025-05-12 11:25:14.917 DEBUG [restartedMain] o.t.t.eazy_school.aspects.LoggerAspect  : Time to execute public void org.tommap.tomlearnspring.eazy_school.config.RestConfig.configureRepositoryRestConfiguration(org.springframework.data.rest.core.config.RepositoryRestConfiguration,org.springframework.web.servlet.config.annotation.CorsRegistry) method: 0
2025-05-12 11:25:14.917 DEBUG [restartedMain] o.t.t.eazy_school.aspects.LoggerAspect  : public void org.tommap.tomlearnspring.eazy_school.config.RestConfig.configureRepositoryRestConfiguration(org.springframework.data.rest.core.config.RepositoryRestConfiguration,org.springframework.web.servlet.config.annotation.CorsRegistry) method execution end
2025-05-12 11:25:14.982 DEBUG [restartedMain] o.t.t.eazy_school.aspects.LoggerAspect  : public void org.tommap.tomlearnspring.eazy_school.config.WebConfig.addViewControllers(org.springframework.web.servlet.config.annotation.ViewControllerRegistry) method execution start
2025-05-12 11:25:14.983 DEBUG [restartedMain] o.t.t.eazy_school.aspects.LoggerAspect  : Time to execute public void org.tommap.tomlearnspring.eazy_school.config.WebConfig.addViewControllers(org.springframework.web.servlet.config.annotation.ViewControllerRegistry) method: 0
2025-05-12 11:25:14.983 DEBUG [restartedMain] o.t.t.eazy_school.aspects.LoggerAspect  : public void org.tommap.tomlearnspring.eazy_school.config.WebConfig.addViewControllers(org.springframework.web.servlet.config.annotation.ViewControllerRegistry) method execution end
2025-05-12 11:25:15.071 DEBUG [restartedMain] o.t.t.eazy_school.aspects.LoggerAspect  : Time to execute  org.springframework.security.web.SecurityFilterChain org.tommap.tomlearnspring.eazy_school.config.SecurityConfig.filterChain(org.springframework.security.config.annotation.web.builders.HttpSecurity) method: 163
2025-05-12 11:25:15.071 DEBUG [restartedMain] o.t.t.eazy_school.aspects.LoggerAspect  :  org.springframework.security.web.SecurityFilterChain org.tommap.tomlearnspring.eazy_school.config.SecurityConfig.filterChain(org.springframework.security.config.annotation.web.builders.HttpSecurity) method execution end
2025-05-12 11:25:15.272 INFO  [restartedMain] o.s.b.d.a.OptionalLiveReloadServer      : LiveReload server is running on port 35729
2025-05-12 11:25:15.282 INFO  [restartedMain] o.a.coyote.http11.Http11NioProtocol     : Starting ProtocolHandler ["http-nio-8080"]
2025-05-12 11:25:15.287 INFO  [restartedMain] o.s.b.w.embedded.tomcat.TomcatWebServer : Tomcat started on port 8080 (http) with context path '/'
2025-05-12 11:25:15.291 INFO  [restartedMain] o.t.t.TomLearnSpringApplication         : Started TomLearnSpringApplication in 2.11 seconds (process running for 4.033)
2025-05-12 11:27:54.914 INFO  [File Watcher] rtingClassPathChangeChangedEventListener: Restarting due to 1 class path change (0 additions, 0 deletions, 1 modification)
2025-05-12 11:27:54.920 INFO  [Thread-5] o.a.coyote.http11.Http11NioProtocol     : Stopping ProtocolHandler ["http-nio-8080"]
2025-05-12 11:27:56.529 WARN  [Thread-5] org.apache.tomcat.util.net.Acceptor     : The acceptor thread [http-nio-8080-Acceptor] did not stop cleanly
2025-05-12 11:27:56.540 INFO  [Thread-5] j.LocalContainerEntityManagerFactoryBean: Closing JPA EntityManagerFactory for persistence unit 'default'
2025-05-12 11:27:56.544 INFO  [Thread-5] com.zaxxer.hikari.HikariDataSource      : HikariPool-1 - Shutdown initiated...
2025-05-12 11:27:56.567 INFO  [Thread-5] com.zaxxer.hikari.HikariDataSource      : HikariPool-1 - Shutdown completed.
2025-05-12 11:27:56.610 INFO  [restartedMain] o.t.t.TomLearnSpringApplication         : Starting TomLearnSpringApplication using Java 17.0.15 with PID 32187 (/Users/khanhle/Documents/udemy_course/tom-spring/target/classes started by khanhle in /Users/khanhle/Documents/udemy_course/tom-spring)
2025-05-12 11:27:56.611 INFO  [restartedMain] o.t.t.TomLearnSpringApplication         : No active profile set, falling back to 1 default profile: "default"
2025-05-12 11:27:56.667 INFO  [restartedMain] .s.d.r.c.RepositoryConfigurationDelegate: Bootstrapping Spring Data JPA repositories in DEFAULT mode.
2025-05-12 11:27:56.672 INFO  [restartedMain] .s.d.r.c.RepositoryConfigurationDelegate: Finished Spring Data repository scanning in 5 ms. Found 7 JPA repository interfaces.
2025-05-12 11:27:56.738 INFO  [restartedMain] o.s.b.w.embedded.tomcat.TomcatWebServer : Tomcat initialized with port 8080 (http)
2025-05-12 11:27:56.739 INFO  [restartedMain] o.a.coyote.http11.Http11NioProtocol     : Initializing ProtocolHandler ["http-nio-8080"]
2025-05-12 11:27:56.739 INFO  [restartedMain] o.apache.catalina.core.StandardService  : Starting service [Tomcat]
2025-05-12 11:27:56.739 INFO  [restartedMain] o.apache.catalina.core.StandardEngine   : Starting Servlet engine: [Apache Tomcat/10.1.34]
2025-05-12 11:27:56.743 INFO  [restartedMain] o.a.c.c.C.[Tomcat].[localhost].[/]      : Initializing Spring embedded WebApplicationContext
2025-05-12 11:27:56.743 INFO  [restartedMain] w.s.c.ServletWebServerApplicationContext: Root WebApplicationContext: initialization completed in 132 ms
2025-05-12 11:27:56.772 INFO  [restartedMain] com.zaxxer.hikari.HikariDataSource      : HikariPool-2 - Starting...
2025-05-12 11:27:56.790 INFO  [restartedMain] com.zaxxer.hikari.pool.HikariPool       : HikariPool-2 - Added connection com.mysql.cj.jdbc.ConnectionImpl@613650e3
2025-05-12 11:27:56.790 INFO  [restartedMain] com.zaxxer.hikari.HikariDataSource      : HikariPool-2 - Start completed.
2025-05-12 11:27:56.791 INFO  [restartedMain] o.hibernate.jpa.internal.util.LogHelper : HHH000204: Processing PersistenceUnitInfo [name: default]
2025-05-12 11:27:56.792 INFO  [restartedMain] o.h.c.internal.RegionFactoryInitiator   : HHH000026: Second-level cache disabled
2025-05-12 11:27:56.794 INFO  [restartedMain] o.s.o.j.p.SpringPersistenceUnitInfo     : No LoadTimeWeaver setup: ignoring JPA class transformer
2025-05-12 11:27:56.795 WARN  [restartedMain] org.hibernate.orm.deprecation           : HHH90000025: MySQL8Dialect does not need to be specified explicitly using 'hibernate.dialect' (remove the property setting and it will be selected by default)
2025-05-12 11:27:56.795 WARN  [restartedMain] org.hibernate.orm.deprecation           : HHH90000026: MySQL8Dialect has been deprecated; use org.hibernate.dialect.MySQLDialect instead
2025-05-12 11:27:56.842 INFO  [restartedMain] o.h.e.t.j.p.i.JtaPlatformInitiator      : HHH000489: No JTA platform available (set 'hibernate.transaction.jta.platform' to enable JTA platform integration)
2025-05-12 11:27:56.843 INFO  [restartedMain] j.LocalContainerEntityManagerFactoryBean: Initialized JPA EntityManagerFactory for persistence unit 'default'
2025-05-12 11:27:56.923 WARN  [restartedMain] o.s.d.jpa.repository.query.NamedQuery   : Finder method public abstract org.springframework.data.domain.Page org.tommap.tomlearnspring.eazy_school.repository.ContactRepository.findOpenMessages(java.lang.String,org.springframework.data.domain.Pageable) is backed by a NamedQuery but contains a Pageable parameter; Sorting delivered via this Pageable will not be applied
2025-05-12 11:27:56.932 WARN  [restartedMain] o.s.d.jpa.repository.query.NamedQuery   : Finder method public abstract org.springframework.data.domain.Page org.tommap.tomlearnspring.eazy_school.repository.ContactRepository.findOpenMessagesNative(java.lang.String,org.springframework.data.domain.Pageable) is backed by a NamedQuery but contains a Pageable parameter; Sorting delivered via this Pageable will not be applied
2025-05-12 11:27:56.945 DEBUG [restartedMain] o.t.t.eazy_school.aspects.LoggerAspect  : public org.springframework.security.crypto.password.PasswordEncoder org.tommap.tomlearnspring.eazy_school.config.SecurityConfig.passwordEncoder() method execution start
2025-05-12 11:27:56.945 DEBUG [restartedMain] o.t.t.eazy_school.aspects.LoggerAspect  : Time to execute public org.springframework.security.crypto.password.PasswordEncoder org.tommap.tomlearnspring.eazy_school.config.SecurityConfig.passwordEncoder() method: 0
2025-05-12 11:27:56.945 DEBUG [restartedMain] o.t.t.eazy_school.aspects.LoggerAspect  : public org.springframework.security.crypto.password.PasswordEncoder org.tommap.tomlearnspring.eazy_school.config.SecurityConfig.passwordEncoder() method execution end
2025-05-12 11:27:56.959 WARN  [restartedMain] JpaBaseConfiguration$JpaWebConfiguration: spring.jpa.open-in-view is enabled by default. Therefore, database queries may be performed during view rendering. Explicitly configure spring.jpa.open-in-view to disable this warning
2025-05-12 11:27:57.006 INFO  [restartedMain] eAuthenticationProviderManagerConfigurer: Global AuthenticationManager configured with AuthenticationProvider bean with name eazySchoolAuthenticationProvider
2025-05-12 11:27:57.013 DEBUG [restartedMain] o.t.t.eazy_school.aspects.LoggerAspect  :  org.springframework.security.web.SecurityFilterChain org.tommap.tomlearnspring.eazy_school.config.SecurityConfig.filterChain(org.springframework.security.config.annotation.web.builders.HttpSecurity) method execution start
2025-05-12 11:27:57.020 DEBUG [restartedMain] o.t.t.eazy_school.aspects.LoggerAspect  : public void org.tommap.tomlearnspring.eazy_school.config.RestConfig.configureRepositoryRestConfiguration(org.springframework.data.rest.core.config.RepositoryRestConfiguration,org.springframework.web.servlet.config.annotation.CorsRegistry) method execution start
2025-05-12 11:27:57.020 DEBUG [restartedMain] o.t.t.eazy_school.aspects.LoggerAspect  : Time to execute public void org.tommap.tomlearnspring.eazy_school.config.RestConfig.configureRepositoryRestConfiguration(org.springframework.data.rest.core.config.RepositoryRestConfiguration,org.springframework.web.servlet.config.annotation.CorsRegistry) method: 0
2025-05-12 11:27:57.020 DEBUG [restartedMain] o.t.t.eazy_school.aspects.LoggerAspect  : public void org.tommap.tomlearnspring.eazy_school.config.RestConfig.configureRepositoryRestConfiguration(org.springframework.data.rest.core.config.RepositoryRestConfiguration,org.springframework.web.servlet.config.annotation.CorsRegistry) method execution end
2025-05-12 11:27:57.051 DEBUG [restartedMain] o.t.t.eazy_school.aspects.LoggerAspect  : public void org.tommap.tomlearnspring.eazy_school.config.WebConfig.addViewControllers(org.springframework.web.servlet.config.annotation.ViewControllerRegistry) method execution start
2025-05-12 11:27:57.051 DEBUG [restartedMain] o.t.t.eazy_school.aspects.LoggerAspect  : Time to execute public void org.tommap.tomlearnspring.eazy_school.config.WebConfig.addViewControllers(org.springframework.web.servlet.config.annotation.ViewControllerRegistry) method: 0
2025-05-12 11:27:57.051 DEBUG [restartedMain] o.t.t.eazy_school.aspects.LoggerAspect  : public void org.tommap.tomlearnspring.eazy_school.config.WebConfig.addViewControllers(org.springframework.web.servlet.config.annotation.ViewControllerRegistry) method execution end
2025-05-12 11:27:57.099 DEBUG [restartedMain] o.t.t.eazy_school.aspects.LoggerAspect  : Time to execute  org.springframework.security.web.SecurityFilterChain org.tommap.tomlearnspring.eazy_school.config.SecurityConfig.filterChain(org.springframework.security.config.annotation.web.builders.HttpSecurity) method: 85
2025-05-12 11:27:57.099 DEBUG [restartedMain] o.t.t.eazy_school.aspects.LoggerAspect  :  org.springframework.security.web.SecurityFilterChain org.tommap.tomlearnspring.eazy_school.config.SecurityConfig.filterChain(org.springframework.security.config.annotation.web.builders.HttpSecurity) method execution end
2025-05-12 11:27:57.240 INFO  [restartedMain] o.s.b.d.a.OptionalLiveReloadServer      : LiveReload server is running on port 35729
2025-05-12 11:27:57.247 INFO  [restartedMain] o.a.coyote.http11.Http11NioProtocol     : Starting ProtocolHandler ["http-nio-8080"]
2025-05-12 11:27:57.247 INFO  [restartedMain] o.s.b.w.embedded.tomcat.TomcatWebServer : Tomcat started on port 8080 (http) with context path '/'
2025-05-12 11:27:57.250 INFO  [restartedMain] o.t.t.TomLearnSpringApplication         : Started TomLearnSpringApplication in 0.648 seconds (process running for 165.989)
2025-05-12 11:27:57.250 INFO  [restartedMain] .ConditionEvaluationDeltaLoggingListener: Condition evaluation unchanged
2025-05-12 11:28:11.322 INFO  [http-nio-8080-exec-1] o.a.c.c.C.[Tomcat].[localhost].[/]      : Initializing Spring DispatcherServlet 'dispatcherServlet'
2025-05-12 11:28:11.322 INFO  [http-nio-8080-exec-1] o.s.web.servlet.DispatcherServlet       : Initializing Servlet 'dispatcherServlet'
2025-05-12 11:28:11.323 INFO  [http-nio-8080-exec-1] o.s.web.servlet.DispatcherServlet       : Completed initialization in 1 ms
2025-05-12 11:28:11.339 DEBUG [http-nio-8080-exec-1] o.t.t.eazy_school.aspects.LoggerAspect  : public java.lang.String org.tommap.tomlearnspring.eazy_school.controller.HomeController.displayHomePage() method execution start
2025-05-12 11:28:11.339 DEBUG [http-nio-8080-exec-1] o.t.t.eazy_school.aspects.LoggerAspect  : Time to execute public java.lang.String org.tommap.tomlearnspring.eazy_school.controller.HomeController.displayHomePage() method: 0
2025-05-12 11:28:11.339 DEBUG [http-nio-8080-exec-1] o.t.t.eazy_school.aspects.LoggerAspect  : public java.lang.String org.tommap.tomlearnspring.eazy_school.controller.HomeController.displayHomePage() method execution end
2025-05-12 11:28:11.397 WARN  [http-nio-8080-exec-1] actStandardFragmentInsertionTagProcessor: [THYMELEAF][http-nio-8080-exec-1][home.html] Deprecated unwrapped fragment expression "header :: header" found in template home.html, line 20, col 10. Please use the complete syntax of fragment expressions instead ("~{header :: header}"). The old, unwrapped syntax for fragment expressions will be removed in future versions of Thymeleaf.
2025-05-12 11:28:11.441 WARN  [http-nio-8080-exec-1] actStandardFragmentInsertionTagProcessor: [THYMELEAF][http-nio-8080-exec-1][home.html] Deprecated unwrapped fragment expression "footer :: footer" found in template home.html, line 352, col 10. Please use the complete syntax of fragment expressions instead ("~{footer :: footer}"). The old, unwrapped syntax for fragment expressions will be removed in future versions of Thymeleaf.
2025-05-12 11:28:11.571 DEBUG [http-nio-8080-exec-5] o.t.t.eazy_school.aspects.LoggerAspect  : public java.lang.String org.tommap.tomlearnspring.eazy_school.controller.LoginController.displayLoginPage(java.lang.String,java.lang.String,java.lang.String,org.springframework.ui.Model) method execution start
2025-05-12 11:28:11.571 DEBUG [http-nio-8080-exec-5] o.t.t.eazy_school.aspects.LoggerAspect  : Time to execute public java.lang.String org.tommap.tomlearnspring.eazy_school.controller.LoginController.displayLoginPage(java.lang.String,java.lang.String,java.lang.String,org.springframework.ui.Model) method: 0
2025-05-12 11:28:11.571 DEBUG [http-nio-8080-exec-5] o.t.t.eazy_school.aspects.LoggerAspect  : public java.lang.String org.tommap.tomlearnspring.eazy_school.controller.LoginController.displayLoginPage(java.lang.String,java.lang.String,java.lang.String,org.springframework.ui.Model) method execution end
2025-05-12 11:28:13.122 DEBUG [http-nio-8080-exec-10] o.t.t.eazy_school.aspects.LoggerAspect  : public java.lang.String org.tommap.tomlearnspring.eazy_school.controller.LoginController.displayLoginPage(java.lang.String,java.lang.String,java.lang.String,org.springframework.ui.Model) method execution start
2025-05-12 11:28:13.122 DEBUG [http-nio-8080-exec-10] o.t.t.eazy_school.aspects.LoggerAspect  : Time to execute public java.lang.String org.tommap.tomlearnspring.eazy_school.controller.LoginController.displayLoginPage(java.lang.String,java.lang.String,java.lang.String,org.springframework.ui.Model) method: 0
2025-05-12 11:28:13.122 DEBUG [http-nio-8080-exec-10] o.t.t.eazy_school.aspects.LoggerAspect  : public java.lang.String org.tommap.tomlearnspring.eazy_school.controller.LoginController.displayLoginPage(java.lang.String,java.lang.String,java.lang.String,org.springframework.ui.Model) method execution end
2025-05-12 11:28:13.174 DEBUG [http-nio-8080-exec-6] o.t.t.eazy_school.aspects.LoggerAspect  : public java.lang.String org.tommap.tomlearnspring.eazy_school.controller.LoginController.displayLoginPage(java.lang.String,java.lang.String,java.lang.String,org.springframework.ui.Model) method execution start
2025-05-12 11:28:13.175 DEBUG [http-nio-8080-exec-6] o.t.t.eazy_school.aspects.LoggerAspect  : Time to execute public java.lang.String org.tommap.tomlearnspring.eazy_school.controller.LoginController.displayLoginPage(java.lang.String,java.lang.String,java.lang.String,org.springframework.ui.Model) method: 0
2025-05-12 11:28:13.175 DEBUG [http-nio-8080-exec-6] o.t.t.eazy_school.aspects.LoggerAspect  : public java.lang.String org.tommap.tomlearnspring.eazy_school.controller.LoginController.displayLoginPage(java.lang.String,java.lang.String,java.lang.String,org.springframework.ui.Model) method execution end
2025-05-12 11:28:16.452 DEBUG [http-nio-8080-exec-5] o.t.t.eazy_school.aspects.LoggerAspect  : public boolean org.tommap.tomlearnspring.eazy_school.security.EazySchoolAuthenticationProvider.supports(java.lang.Class) method execution start
2025-05-12 11:28:16.452 DEBUG [http-nio-8080-exec-5] o.t.t.eazy_school.aspects.LoggerAspect  : Time to execute public boolean org.tommap.tomlearnspring.eazy_school.security.EazySchoolAuthenticationProvider.supports(java.lang.Class) method: 0
2025-05-12 11:28:16.452 DEBUG [http-nio-8080-exec-5] o.t.t.eazy_school.aspects.LoggerAspect  : public boolean org.tommap.tomlearnspring.eazy_school.security.EazySchoolAuthenticationProvider.supports(java.lang.Class) method execution end
2025-05-12 11:28:16.452 DEBUG [http-nio-8080-exec-5] o.t.t.eazy_school.aspects.LoggerAspect  : public org.springframework.security.core.Authentication org.tommap.tomlearnspring.eazy_school.security.EazySchoolAuthenticationProvider.authenticate(org.springframework.security.core.Authentication) method execution start
2025-05-12 11:28:16.453 DEBUG [http-nio-8080-exec-5] o.t.t.eazy_school.aspects.LoggerAspect  : public abstract java.util.Optional org.tommap.tomlearnspring.eazy_school.repository.PersonRepository.findByEmail(java.lang.String) method execution start
2025-05-12 11:28:16.544 DEBUG [http-nio-8080-exec-5] o.t.t.eazy_school.aspects.LoggerAspect  : Time to execute public abstract java.util.Optional org.tommap.tomlearnspring.eazy_school.repository.PersonRepository.findByEmail(java.lang.String) method: 90
2025-05-12 11:28:16.544 DEBUG [http-nio-8080-exec-5] o.t.t.eazy_school.aspects.LoggerAspect  : public abstract java.util.Optional org.tommap.tomlearnspring.eazy_school.repository.PersonRepository.findByEmail(java.lang.String) method execution end
2025-05-12 11:28:16.612 DEBUG [http-nio-8080-exec-5] o.t.t.eazy_school.aspects.LoggerAspect  : Time to execute public org.springframework.security.core.Authentication org.tommap.tomlearnspring.eazy_school.security.EazySchoolAuthenticationProvider.authenticate(org.springframework.security.core.Authentication) method: 160
2025-05-12 11:28:16.612 DEBUG [http-nio-8080-exec-5] o.t.t.eazy_school.aspects.LoggerAspect  : public org.springframework.security.core.Authentication org.tommap.tomlearnspring.eazy_school.security.EazySchoolAuthenticationProvider.authenticate(org.springframework.security.core.Authentication) method execution end
2025-05-12 11:28:16.616 DEBUG [http-nio-8080-exec-10] o.t.t.eazy_school.aspects.LoggerAspect  : public java.lang.String org.tommap.tomlearnspring.eazy_school.controller.DashboardController.displayDashboardPage(org.springframework.ui.Model,org.springframework.security.core.Authentication,jakarta.servlet.http.HttpSession) method execution start
2025-05-12 11:28:16.616 DEBUG [http-nio-8080-exec-10] o.t.t.eazy_school.aspects.LoggerAspect  : public abstract java.util.Optional org.tommap.tomlearnspring.eazy_school.repository.PersonRepository.findByEmail(java.lang.String) method execution start
2025-05-12 11:28:16.626 DEBUG [http-nio-8080-exec-10] o.t.t.eazy_school.aspects.LoggerAspect  : Time to execute public abstract java.util.Optional org.tommap.tomlearnspring.eazy_school.repository.PersonRepository.findByEmail(java.lang.String) method: 9
2025-05-12 11:28:16.626 DEBUG [http-nio-8080-exec-10] o.t.t.eazy_school.aspects.LoggerAspect  : public abstract java.util.Optional org.tommap.tomlearnspring.eazy_school.repository.PersonRepository.findByEmail(java.lang.String) method execution end
2025-05-12 11:28:16.626 ERROR [http-nio-8080-exec-10] o.t.t.e.controller.DashboardController  : Error message from the dashboard page
2025-05-12 11:28:16.626 WARN  [http-nio-8080-exec-10] o.t.t.e.controller.DashboardController  : Warning message from the dashboard page
2025-05-12 11:28:16.626 INFO  [http-nio-8080-exec-10] o.t.t.e.controller.DashboardController  : Info message from the dashboard page
2025-05-12 11:28:16.626 DEBUG [http-nio-8080-exec-10] o.t.t.e.controller.DashboardController  : Debug message from the dashboard page
2025-05-12 11:28:16.626 TRACE [http-nio-8080-exec-10] o.t.t.e.controller.DashboardController  : Trace message from the dashboard page
2025-05-12 11:28:16.626 DEBUG [http-nio-8080-exec-10] o.t.t.eazy_school.aspects.LoggerAspect  : Time to execute public java.lang.String org.tommap.tomlearnspring.eazy_school.controller.DashboardController.displayDashboardPage(org.springframework.ui.Model,org.springframework.security.core.Authentication,jakarta.servlet.http.HttpSession) method: 9
2025-05-12 11:28:16.626 DEBUG [http-nio-8080-exec-10] o.t.t.eazy_school.aspects.LoggerAspect  : public java.lang.String org.tommap.tomlearnspring.eazy_school.controller.DashboardController.displayDashboardPage(org.springframework.ui.Model,org.springframework.security.core.Authentication,jakarta.servlet.http.HttpSession) method execution end
2025-05-12 11:28:49.135 INFO  [background-preinit] o.h.validator.internal.util.Version     : HV000001: Hibernate Validator 8.0.2.Final
2025-05-12 11:28:49.147 INFO  [restartedMain] o.t.t.TomLearnSpringApplication         : Starting TomLearnSpringApplication using Java 17.0.15 with PID 32668 (/Users/khanhle/Documents/udemy_course/tom-spring/target/classes started by khanhle in /Users/khanhle/Documents/udemy_course/tom-spring)
2025-05-12 11:28:49.148 INFO  [restartedMain] o.t.t.TomLearnSpringApplication         : No active profile set, falling back to 1 default profile: "default"
2025-05-12 11:28:49.163 INFO  [restartedMain] .e.DevToolsPropertyDefaultsPostProcessor: Devtools property defaults active! Set 'spring.devtools.add-properties' to 'false' to disable
2025-05-12 11:28:49.163 INFO  [restartedMain] .e.DevToolsPropertyDefaultsPostProcessor: For additional web related logging consider setting the 'logging.level.web' property to 'DEBUG'
2025-05-12 11:28:49.422 INFO  [restartedMain] .s.d.r.c.RepositoryConfigurationDelegate: Bootstrapping Spring Data JPA repositories in DEFAULT mode.
2025-05-12 11:28:49.446 INFO  [restartedMain] .s.d.r.c.RepositoryConfigurationDelegate: Finished Spring Data repository scanning in 21 ms. Found 7 JPA repository interfaces.
2025-05-12 11:28:49.785 INFO  [restartedMain] o.s.b.w.embedded.tomcat.TomcatWebServer : Tomcat initialized with port 8080 (http)
2025-05-12 11:28:49.789 INFO  [restartedMain] o.a.coyote.http11.Http11NioProtocol     : Initializing ProtocolHandler ["http-nio-8080"]
2025-05-12 11:28:49.790 INFO  [restartedMain] o.apache.catalina.core.StandardService  : Starting service [Tomcat]
2025-05-12 11:28:49.790 INFO  [restartedMain] o.apache.catalina.core.StandardEngine   : Starting Servlet engine: [Apache Tomcat/10.1.34]
2025-05-12 11:28:49.809 INFO  [restartedMain] o.a.c.c.C.[Tomcat].[localhost].[/]      : Initializing Spring embedded WebApplicationContext
2025-05-12 11:28:49.809 INFO  [restartedMain] w.s.c.ServletWebServerApplicationContext: Root WebApplicationContext: initialization completed in 645 ms
2025-05-12 11:28:49.875 INFO  [restartedMain] com.zaxxer.hikari.HikariDataSource      : HikariPool-1 - Starting...
2025-05-12 11:28:49.979 INFO  [restartedMain] com.zaxxer.hikari.pool.HikariPool       : HikariPool-1 - Added connection com.mysql.cj.jdbc.ConnectionImpl@1bcef7d9
2025-05-12 11:28:49.980 INFO  [restartedMain] com.zaxxer.hikari.HikariDataSource      : HikariPool-1 - Start completed.
2025-05-12 11:28:49.995 INFO  [restartedMain] o.hibernate.jpa.internal.util.LogHelper : HHH000204: Processing PersistenceUnitInfo [name: default]
2025-05-12 11:28:50.018 INFO  [restartedMain] org.hibernate.Version                   : HHH000412: Hibernate ORM core version 6.5.3.Final
2025-05-12 11:28:50.030 INFO  [restartedMain] o.h.c.internal.RegionFactoryInitiator   : HHH000026: Second-level cache disabled
2025-05-12 11:28:50.133 INFO  [restartedMain] o.s.o.j.p.SpringPersistenceUnitInfo     : No LoadTimeWeaver setup: ignoring JPA class transformer
2025-05-12 11:28:50.163 WARN  [restartedMain] org.hibernate.orm.deprecation           : HHH90000025: MySQL8Dialect does not need to be specified explicitly using 'hibernate.dialect' (remove the property setting and it will be selected by default)
2025-05-12 11:28:50.163 WARN  [restartedMain] org.hibernate.orm.deprecation           : HHH90000026: MySQL8Dialect has been deprecated; use org.hibernate.dialect.MySQLDialect instead
2025-05-12 11:28:50.543 INFO  [restartedMain] o.h.e.t.j.p.i.JtaPlatformInitiator      : HHH000489: No JTA platform available (set 'hibernate.transaction.jta.platform' to enable JTA platform integration)
2025-05-12 11:28:50.627 INFO  [restartedMain] j.LocalContainerEntityManagerFactoryBean: Initialized JPA EntityManagerFactory for persistence unit 'default'
2025-05-12 11:28:50.816 INFO  [restartedMain] o.s.d.j.r.query.QueryEnhancerFactory    : Hibernate is in classpath; If applicable, HQL parser will be used.
2025-05-12 11:28:50.862 WARN  [restartedMain] o.s.d.jpa.repository.query.NamedQuery   : Finder method public abstract org.springframework.data.domain.Page org.tommap.tomlearnspring.eazy_school.repository.ContactRepository.findOpenMessages(java.lang.String,org.springframework.data.domain.Pageable) is backed by a NamedQuery but contains a Pageable parameter; Sorting delivered via this Pageable will not be applied
2025-05-12 11:28:50.884 WARN  [restartedMain] o.s.d.jpa.repository.query.NamedQuery   : Finder method public abstract org.springframework.data.domain.Page org.tommap.tomlearnspring.eazy_school.repository.ContactRepository.findOpenMessagesNative(java.lang.String,org.springframework.data.domain.Pageable) is backed by a NamedQuery but contains a Pageable parameter; Sorting delivered via this Pageable will not be applied
2025-05-12 11:28:50.918 DEBUG [restartedMain] o.t.t.eazy_school.aspects.LoggerAspect  : public org.springframework.security.crypto.password.PasswordEncoder org.tommap.tomlearnspring.eazy_school.config.SecurityConfig.passwordEncoder() method execution start
2025-05-12 11:28:50.919 DEBUG [restartedMain] o.t.t.eazy_school.aspects.LoggerAspect  : Time to execute public org.springframework.security.crypto.password.PasswordEncoder org.tommap.tomlearnspring.eazy_school.config.SecurityConfig.passwordEncoder() method: 0
2025-05-12 11:28:50.919 DEBUG [restartedMain] o.t.t.eazy_school.aspects.LoggerAspect  : public org.springframework.security.crypto.password.PasswordEncoder org.tommap.tomlearnspring.eazy_school.config.SecurityConfig.passwordEncoder() method execution end
2025-05-12 11:28:50.948 WARN  [restartedMain] JpaBaseConfiguration$JpaWebConfiguration: spring.jpa.open-in-view is enabled by default. Therefore, database queries may be performed during view rendering. Explicitly configure spring.jpa.open-in-view to disable this warning
2025-05-12 11:28:51.018 INFO  [restartedMain] eAuthenticationProviderManagerConfigurer: Global AuthenticationManager configured with AuthenticationProvider bean with name eazySchoolAuthenticationProvider
2025-05-12 11:28:51.043 DEBUG [restartedMain] o.t.t.eazy_school.aspects.LoggerAspect  :  org.springframework.security.web.SecurityFilterChain org.tommap.tomlearnspring.eazy_school.config.SecurityConfig.filterChain(org.springframework.security.config.annotation.web.builders.HttpSecurity) method execution start
2025-05-12 11:28:51.055 DEBUG [restartedMain] o.t.t.eazy_school.aspects.LoggerAspect  : public void org.tommap.tomlearnspring.eazy_school.config.RestConfig.configureRepositoryRestConfiguration(org.springframework.data.rest.core.config.RepositoryRestConfiguration,org.springframework.web.servlet.config.annotation.CorsRegistry) method execution start
2025-05-12 11:28:51.055 DEBUG [restartedMain] o.t.t.eazy_school.aspects.LoggerAspect  : Time to execute public void org.tommap.tomlearnspring.eazy_school.config.RestConfig.configureRepositoryRestConfiguration(org.springframework.data.rest.core.config.RepositoryRestConfiguration,org.springframework.web.servlet.config.annotation.CorsRegistry) method: 0
2025-05-12 11:28:51.055 DEBUG [restartedMain] o.t.t.eazy_school.aspects.LoggerAspect  : public void org.tommap.tomlearnspring.eazy_school.config.RestConfig.configureRepositoryRestConfiguration(org.springframework.data.rest.core.config.RepositoryRestConfiguration,org.springframework.web.servlet.config.annotation.CorsRegistry) method execution end
2025-05-12 11:28:51.120 DEBUG [restartedMain] o.t.t.eazy_school.aspects.LoggerAspect  : public void org.tommap.tomlearnspring.eazy_school.config.WebConfig.addViewControllers(org.springframework.web.servlet.config.annotation.ViewControllerRegistry) method execution start
2025-05-12 11:28:51.120 DEBUG [restartedMain] o.t.t.eazy_school.aspects.LoggerAspect  : Time to execute public void org.tommap.tomlearnspring.eazy_school.config.WebConfig.addViewControllers(org.springframework.web.servlet.config.annotation.ViewControllerRegistry) method: 0
2025-05-12 11:28:51.121 DEBUG [restartedMain] o.t.t.eazy_school.aspects.LoggerAspect  : public void org.tommap.tomlearnspring.eazy_school.config.WebConfig.addViewControllers(org.springframework.web.servlet.config.annotation.ViewControllerRegistry) method execution end
2025-05-12 11:28:51.221 DEBUG [restartedMain] o.t.t.eazy_school.aspects.LoggerAspect  : Time to execute  org.springframework.security.web.SecurityFilterChain org.tommap.tomlearnspring.eazy_school.config.SecurityConfig.filterChain(org.springframework.security.config.annotation.web.builders.HttpSecurity) method: 178
2025-05-12 11:28:51.221 DEBUG [restartedMain] o.t.t.eazy_school.aspects.LoggerAspect  :  org.springframework.security.web.SecurityFilterChain org.tommap.tomlearnspring.eazy_school.config.SecurityConfig.filterChain(org.springframework.security.config.annotation.web.builders.HttpSecurity) method execution end
2025-05-12 11:28:51.468 INFO  [restartedMain] o.s.b.d.a.OptionalLiveReloadServer      : LiveReload server is running on port 35729
2025-05-12 11:28:51.480 INFO  [restartedMain] o.a.coyote.http11.Http11NioProtocol     : Starting ProtocolHandler ["http-nio-8080"]
2025-05-12 11:28:51.485 INFO  [restartedMain] o.s.b.w.embedded.tomcat.TomcatWebServer : Tomcat started on port 8080 (http) with context path '/'
2025-05-12 11:28:51.490 INFO  [restartedMain] o.t.t.TomLearnSpringApplication         : Started TomLearnSpringApplication in 2.45 seconds (process running for 2.744)
2025-05-12 11:31:17.241 INFO  [http-nio-8080-exec-1] o.a.c.c.C.[Tomcat].[localhost].[/]      : Initializing Spring DispatcherServlet 'dispatcherServlet'
2025-05-12 11:31:17.241 INFO  [http-nio-8080-exec-1] o.s.web.servlet.DispatcherServlet       : Initializing Servlet 'dispatcherServlet'
2025-05-12 11:31:17.243 INFO  [http-nio-8080-exec-1] o.s.web.servlet.DispatcherServlet       : Completed initialization in 2 ms
2025-05-12 11:31:17.260 DEBUG [http-nio-8080-exec-1] o.t.t.eazy_school.aspects.LoggerAspect  : public java.lang.String org.tommap.tomlearnspring.eazy_school.controller.HomeController.displayHomePage() method execution start
2025-05-12 11:31:17.260 DEBUG [http-nio-8080-exec-1] o.t.t.eazy_school.aspects.LoggerAspect  : Time to execute public java.lang.String org.tommap.tomlearnspring.eazy_school.controller.HomeController.displayHomePage() method: 0
2025-05-12 11:31:17.261 DEBUG [http-nio-8080-exec-1] o.t.t.eazy_school.aspects.LoggerAspect  : public java.lang.String org.tommap.tomlearnspring.eazy_school.controller.HomeController.displayHomePage() method execution end
2025-05-12 11:31:17.327 WARN  [http-nio-8080-exec-1] actStandardFragmentInsertionTagProcessor: [THYMELEAF][http-nio-8080-exec-1][home.html] Deprecated unwrapped fragment expression "header :: header" found in template home.html, line 20, col 10. Please use the complete syntax of fragment expressions instead ("~{header :: header}"). The old, unwrapped syntax for fragment expressions will be removed in future versions of Thymeleaf.
2025-05-12 11:31:17.380 WARN  [http-nio-8080-exec-1] actStandardFragmentInsertionTagProcessor: [THYMELEAF][http-nio-8080-exec-1][home.html] Deprecated unwrapped fragment expression "footer :: footer" found in template home.html, line 352, col 10. Please use the complete syntax of fragment expressions instead ("~{footer :: footer}"). The old, unwrapped syntax for fragment expressions will be removed in future versions of Thymeleaf.
2025-05-12 11:31:17.522 DEBUG [http-nio-8080-exec-2] o.t.t.eazy_school.aspects.LoggerAspect  : public java.lang.String org.tommap.tomlearnspring.eazy_school.controller.LoginController.displayLoginPage(java.lang.String,java.lang.String,java.lang.String,org.springframework.ui.Model) method execution start
2025-05-12 11:31:17.522 DEBUG [http-nio-8080-exec-2] o.t.t.eazy_school.aspects.LoggerAspect  : Time to execute public java.lang.String org.tommap.tomlearnspring.eazy_school.controller.LoginController.displayLoginPage(java.lang.String,java.lang.String,java.lang.String,org.springframework.ui.Model) method: 0
2025-05-12 11:31:17.522 DEBUG [http-nio-8080-exec-2] o.t.t.eazy_school.aspects.LoggerAspect  : public java.lang.String org.tommap.tomlearnspring.eazy_school.controller.LoginController.displayLoginPage(java.lang.String,java.lang.String,java.lang.String,org.springframework.ui.Model) method execution end
2025-05-12 11:31:18.372 DEBUG [http-nio-8080-exec-1] o.t.t.eazy_school.aspects.LoggerAspect  : public java.lang.String org.tommap.tomlearnspring.eazy_school.controller.LoginController.displayLoginPage(java.lang.String,java.lang.String,java.lang.String,org.springframework.ui.Model) method execution start
2025-05-12 11:31:18.373 DEBUG [http-nio-8080-exec-1] o.t.t.eazy_school.aspects.LoggerAspect  : Time to execute public java.lang.String org.tommap.tomlearnspring.eazy_school.controller.LoginController.displayLoginPage(java.lang.String,java.lang.String,java.lang.String,org.springframework.ui.Model) method: 0
2025-05-12 11:31:18.373 DEBUG [http-nio-8080-exec-1] o.t.t.eazy_school.aspects.LoggerAspect  : public java.lang.String org.tommap.tomlearnspring.eazy_school.controller.LoginController.displayLoginPage(java.lang.String,java.lang.String,java.lang.String,org.springframework.ui.Model) method execution end
2025-05-12 11:31:18.423 DEBUG [http-nio-8080-exec-6] o.t.t.eazy_school.aspects.LoggerAspect  : public java.lang.String org.tommap.tomlearnspring.eazy_school.controller.LoginController.displayLoginPage(java.lang.String,java.lang.String,java.lang.String,org.springframework.ui.Model) method execution start
2025-05-12 11:31:18.423 DEBUG [http-nio-8080-exec-6] o.t.t.eazy_school.aspects.LoggerAspect  : Time to execute public java.lang.String org.tommap.tomlearnspring.eazy_school.controller.LoginController.displayLoginPage(java.lang.String,java.lang.String,java.lang.String,org.springframework.ui.Model) method: 0
2025-05-12 11:31:18.423 DEBUG [http-nio-8080-exec-6] o.t.t.eazy_school.aspects.LoggerAspect  : public java.lang.String org.tommap.tomlearnspring.eazy_school.controller.LoginController.displayLoginPage(java.lang.String,java.lang.String,java.lang.String,org.springframework.ui.Model) method execution end
2025-05-12 11:31:22.064 DEBUG [http-nio-8080-exec-2] o.t.t.eazy_school.aspects.LoggerAspect  : public boolean org.tommap.tomlearnspring.eazy_school.security.EazySchoolAuthenticationProvider.supports(java.lang.Class) method execution start
2025-05-12 11:31:22.064 DEBUG [http-nio-8080-exec-2] o.t.t.eazy_school.aspects.LoggerAspect  : Time to execute public boolean org.tommap.tomlearnspring.eazy_school.security.EazySchoolAuthenticationProvider.supports(java.lang.Class) method: 0
2025-05-12 11:31:22.065 DEBUG [http-nio-8080-exec-2] o.t.t.eazy_school.aspects.LoggerAspect  : public boolean org.tommap.tomlearnspring.eazy_school.security.EazySchoolAuthenticationProvider.supports(java.lang.Class) method execution end
2025-05-12 11:31:22.065 DEBUG [http-nio-8080-exec-2] o.t.t.eazy_school.aspects.LoggerAspect  : public org.springframework.security.core.Authentication org.tommap.tomlearnspring.eazy_school.security.EazySchoolAuthenticationProvider.authenticate(org.springframework.security.core.Authentication) method execution start
2025-05-12 11:31:22.066 DEBUG [http-nio-8080-exec-2] o.t.t.eazy_school.aspects.LoggerAspect  : public abstract java.util.Optional org.tommap.tomlearnspring.eazy_school.repository.PersonRepository.findByEmail(java.lang.String) method execution start
2025-05-12 11:31:22.156 DEBUG [http-nio-8080-exec-2] o.t.t.eazy_school.aspects.LoggerAspect  : Time to execute public abstract java.util.Optional org.tommap.tomlearnspring.eazy_school.repository.PersonRepository.findByEmail(java.lang.String) method: 89
2025-05-12 11:31:22.156 DEBUG [http-nio-8080-exec-2] o.t.t.eazy_school.aspects.LoggerAspect  : public abstract java.util.Optional org.tommap.tomlearnspring.eazy_school.repository.PersonRepository.findByEmail(java.lang.String) method execution end
2025-05-12 11:31:22.226 DEBUG [http-nio-8080-exec-2] o.t.t.eazy_school.aspects.LoggerAspect  : Time to execute public org.springframework.security.core.Authentication org.tommap.tomlearnspring.eazy_school.security.EazySchoolAuthenticationProvider.authenticate(org.springframework.security.core.Authentication) method: 161
2025-05-12 11:31:22.226 DEBUG [http-nio-8080-exec-2] o.t.t.eazy_school.aspects.LoggerAspect  : public org.springframework.security.core.Authentication org.tommap.tomlearnspring.eazy_school.security.EazySchoolAuthenticationProvider.authenticate(org.springframework.security.core.Authentication) method execution end
2025-05-12 11:31:22.230 DEBUG [http-nio-8080-exec-1] o.t.t.eazy_school.aspects.LoggerAspect  : public java.lang.String org.tommap.tomlearnspring.eazy_school.controller.DashboardController.displayDashboardPage(org.springframework.ui.Model,org.springframework.security.core.Authentication,jakarta.servlet.http.HttpSession) method execution start
2025-05-12 11:31:22.231 DEBUG [http-nio-8080-exec-1] o.t.t.eazy_school.aspects.LoggerAspect  : public abstract java.util.Optional org.tommap.tomlearnspring.eazy_school.repository.PersonRepository.findByEmail(java.lang.String) method execution start
2025-05-12 11:31:22.243 DEBUG [http-nio-8080-exec-1] o.t.t.eazy_school.aspects.LoggerAspect  : Time to execute public abstract java.util.Optional org.tommap.tomlearnspring.eazy_school.repository.PersonRepository.findByEmail(java.lang.String) method: 11
2025-05-12 11:31:22.243 DEBUG [http-nio-8080-exec-1] o.t.t.eazy_school.aspects.LoggerAspect  : public abstract java.util.Optional org.tommap.tomlearnspring.eazy_school.repository.PersonRepository.findByEmail(java.lang.String) method execution end
2025-05-12 11:31:22.243 ERROR [http-nio-8080-exec-1] o.t.t.e.controller.DashboardController  : Error message from the dashboard page
2025-05-12 11:31:22.243 WARN  [http-nio-8080-exec-1] o.t.t.e.controller.DashboardController  : Warning message from the dashboard page
2025-05-12 11:31:22.243 INFO  [http-nio-8080-exec-1] o.t.t.e.controller.DashboardController  : Info message from the dashboard page
2025-05-12 11:31:22.243 DEBUG [http-nio-8080-exec-1] o.t.t.e.controller.DashboardController  : Debug message from the dashboard page
2025-05-12 11:31:22.243 TRACE [http-nio-8080-exec-1] o.t.t.e.controller.DashboardController  : Trace message from the dashboard page
2025-05-12 11:31:22.243 DEBUG [http-nio-8080-exec-1] o.t.t.eazy_school.aspects.LoggerAspect  : Time to execute public java.lang.String org.tommap.tomlearnspring.eazy_school.controller.DashboardController.displayDashboardPage(org.springframework.ui.Model,org.springframework.security.core.Authentication,jakarta.servlet.http.HttpSession) method: 12
2025-05-12 11:31:22.243 DEBUG [http-nio-8080-exec-1] o.t.t.eazy_school.aspects.LoggerAspect  : public java.lang.String org.tommap.tomlearnspring.eazy_school.controller.DashboardController.displayDashboardPage(org.springframework.ui.Model,org.springframework.security.core.Authentication,jakarta.servlet.http.HttpSession) method execution end
2025-05-12 11:31:25.039 DEBUG [http-nio-8080-exec-6] o.t.t.eazy_school.aspects.LoggerAspect  : public org.springframework.web.servlet.ModelAndView org.tommap.tomlearnspring.eazy_school.controller.ContactController.displayMessages(org.springframework.ui.Model,int,java.lang.String,java.lang.String) method execution start
2025-05-12 11:31:25.040 DEBUG [http-nio-8080-exec-6] o.t.t.e.controller.ContactController    : requested page number: 1, sort field: name, sort direction: asc
2025-05-12 11:31:25.040 DEBUG [http-nio-8080-exec-6] o.t.t.eazy_school.aspects.LoggerAspect  : public org.springframework.data.domain.Page org.tommap.tomlearnspring.eazy_school.service.impl.ContactServiceImpl.findMessagesWithOpenStatus(int,java.lang.String,java.lang.String) method execution start
2025-05-12 11:31:25.042 DEBUG [http-nio-8080-exec-6] o.t.t.eazy_school.aspects.LoggerAspect  : public abstract org.springframework.data.domain.Page org.tommap.tomlearnspring.eazy_school.repository.ContactRepository.findByStatusWithJPQL(java.lang.String,org.springframework.data.domain.Pageable) method execution start
2025-05-12 11:31:25.076 DEBUG [http-nio-8080-exec-6] o.t.t.eazy_school.aspects.LoggerAspect  : Time to execute public abstract org.springframework.data.domain.Page org.tommap.tomlearnspring.eazy_school.repository.ContactRepository.findByStatusWithJPQL(java.lang.String,org.springframework.data.domain.Pageable) method: 33
2025-05-12 11:31:25.076 DEBUG [http-nio-8080-exec-6] o.t.t.eazy_school.aspects.LoggerAspect  : public abstract org.springframework.data.domain.Page org.tommap.tomlearnspring.eazy_school.repository.ContactRepository.findByStatusWithJPQL(java.lang.String,org.springframework.data.domain.Pageable) method execution end
2025-05-12 11:31:25.076 DEBUG [http-nio-8080-exec-6] o.t.t.eazy_school.aspects.LoggerAspect  : Time to execute public org.springframework.data.domain.Page org.tommap.tomlearnspring.eazy_school.service.impl.ContactServiceImpl.findMessagesWithOpenStatus(int,java.lang.String,java.lang.String) method: 35
2025-05-12 11:31:25.076 DEBUG [http-nio-8080-exec-6] o.t.t.eazy_school.aspects.LoggerAspect  : public org.springframework.data.domain.Page org.tommap.tomlearnspring.eazy_school.service.impl.ContactServiceImpl.findMessagesWithOpenStatus(int,java.lang.String,java.lang.String) method execution end
2025-05-12 11:31:25.076 DEBUG [http-nio-8080-exec-6] o.t.t.eazy_school.aspects.LoggerAspect  : Time to execute public org.springframework.web.servlet.ModelAndView org.tommap.tomlearnspring.eazy_school.controller.ContactController.displayMessages(org.springframework.ui.Model,int,java.lang.String,java.lang.String) method: 36
2025-05-12 11:31:25.076 DEBUG [http-nio-8080-exec-6] o.t.t.eazy_school.aspects.LoggerAspect  : public org.springframework.web.servlet.ModelAndView org.tommap.tomlearnspring.eazy_school.controller.ContactController.displayMessages(org.springframework.ui.Model,int,java.lang.String,java.lang.String) method execution end
